<?xml version="1.0" encoding="UTF-8"?>
<testsuite name="theatricalplays.StatementPrinterTests" tests="7" skipped="0" failures="0" errors="0" timestamp="2023-10-30T20:34:02" hostname="DESKTOP-MMB3FMF" time="0.256">
  <properties/>
  <testcase name="exampleStatement2()" classname="theatricalplays.StatementPrinterTests" time="0.042"/>
  <testcase name="exampleStatement()" classname="theatricalplays.StatementPrinterTests" time="0.154"/>
  <testcase name="statementWithNewPlayTypes()" classname="theatricalplays.StatementPrinterTests" time="0.007"/>
  <testcase name="generateHTMLInvoiceTest2()" classname="theatricalplays.StatementPrinterTests" time="0.002"/>
  <testcase name="generateHTMLInvoiceTest()" classname="theatricalplays.StatementPrinterTests" time="0.041"/>
  <testcase name="tragedyWithSmallAudience()" classname="theatricalplays.StatementPrinterTests" time="0.001"/>
  <testcase name="comedyWithSmallAudience()" classname="theatricalplays.StatementPrinterTests" time="0.001"/>
  <system-out><![CDATA[]]></system-out>
  <system-err><![CDATA[]]></system-err>
</testsuite>
